<?xml version="1.0" encoding="UTF-8"?>
<testng-results skipped="0" failed="0" ignored="0" total="1" passed="1">
  <reporter-output>
  </reporter-output>
  <suite name="Default suite" duration-ms="15511" started-at="2018-10-14T17:03:38Z" finished-at="2018-10-14T17:03:54Z">
    <groups>
    </groups>
    <test name="Default test" duration-ms="15511" started-at="2018-10-14T17:03:38Z" finished-at="2018-10-14T17:03:54Z">
      <class name="com.qa.test.SwipeConcept">
        <test-method status="PASS" signature="setup()[pri:0, instance:com.qa.test.SwipeConcept@6500df86]" name="setup" is-config="true" duration-ms="9208" started-at="2018-10-14T17:03:38Z" finished-at="2018-10-14T17:03:47Z">
          <reporter-output>
          </reporter-output>
        </test-method> <!-- setup -->
        <test-method status="PASS" signature="test()[pri:0, instance:com.qa.test.SwipeConcept@6500df86]" name="test" duration-ms="4506" started-at="2018-10-14T17:03:47Z" finished-at="2018-10-14T17:03:52Z">
          <reporter-output>
          </reporter-output>
        </test-method> <!-- test -->
        <test-method status="PASS" signature="tearDown()[pri:0, instance:com.qa.test.SwipeConcept@6500df86]" name="tearDown" is-config="true" duration-ms="1727" started-at="2018-10-14T17:03:52Z" finished-at="2018-10-14T17:03:54Z">
          <reporter-output>
          </reporter-output>
        </test-method> <!-- tearDown -->
      </class> <!-- com.qa.test.SwipeConcept -->
    </test> <!-- Default test -->
  </suite> <!-- Default suite -->
</testng-results>
